<?xml version="1.0" encoding="UTF-8"?>
<!-- Generated by org.testng.reporters.JUnitReportReporter -->
<testsuite hostname="LR9WL4N-THINK" name="TestCases.Cases" tests="2" failures="0" timestamp="12 Dec 2020 04:02:01 GMT" time="37.615" errors="0">
  <testcase name="testcase" time="22.666" classname="TestCases.Cases"/>
  <testcase name="videos" time="14.949" classname="TestCases.Cases"/>
</testsuite> <!-- TestCases.Cases -->
