<?xml version="1.0" encoding="UTF-8"?>
<!-- Generated by org.testng.reporters.JUnitReportReporter -->
<testsuite hostname="LR9WL4N-THINK" name="Testbase.Base" tests="1" failures="0" timestamp="8 Dec 2020 10:25:59 GMT" time="74.574" errors="0">
  <testcase name="init" time="74.574" classname="Testbase.Base"/>
</testsuite> <!-- Testbase.Base -->
